Debug|Reading config...
Debug|Reading referenced images from 'C:\Users\lucas\Downloads\MiBandWFTool_2.1.5\jl_pt'
Trace|Loading resources for 2 'Background'
Trace|Loading resources for 2.1 'ImageBasic'
Trace|Loading image 0...
Trace|Image was loaded from file C:\Users\lucas\Downloads\MiBandWFTool_2.1.5\jl_pt\0000.png
Trace|Loading resources for 2.3 'ImageBasic'
Trace|Loading image 31...
Trace|Image was loaded from file C:\Users\lucas\Downloads\MiBandWFTool_2.1.5\jl_pt\0031.png
Trace|Loading resources for 3 'Time'
Trace|Loading resources for 3.1 'TwoDigits'
Trace|Loading resources for 3.1.1 'ImageSet'
Trace|Loading image 1...
Trace|Image was loaded from file C:\Users\lucas\Downloads\MiBandWFTool_2.1.5\jl_pt\0001.png
Trace|Loading image 2...
Trace|Image was loaded from file C:\Users\lucas\Downloads\MiBandWFTool_2.1.5\jl_pt\0002.png
Trace|Loading image 3...
Trace|Image was loaded from file C:\Users\lucas\Downloads\MiBandWFTool_2.1.5\jl_pt\0003.png
Trace|Loading image 4...
Trace|Image was loaded from file C:\Users\lucas\Downloads\MiBandWFTool_2.1.5\jl_pt\0004.png
Trace|Loading image 5...
Trace|Image was loaded from file C:\Users\lucas\Downloads\MiBandWFTool_2.1.5\jl_pt\0005.png
Trace|Loading image 6...
Trace|Image was loaded from file C:\Users\lucas\Downloads\MiBandWFTool_2.1.5\jl_pt\0006.png
Trace|Loading image 7...
Trace|Image was loaded from file C:\Users\lucas\Downloads\MiBandWFTool_2.1.5\jl_pt\0007.png
Trace|Loading image 8...
Trace|Image was loaded from file C:\Users\lucas\Downloads\MiBandWFTool_2.1.5\jl_pt\0008.png
Trace|Loading image 9...
Trace|Image was loaded from file C:\Users\lucas\Downloads\MiBandWFTool_2.1.5\jl_pt\0009.png
Trace|Loading image 10...
Trace|Image was loaded from file C:\Users\lucas\Downloads\MiBandWFTool_2.1.5\jl_pt\0010.png
Trace|Loading resources for 3.1.2 'ImageSet'
Trace|Loading resources for 3.2 'TwoDigits'
Trace|Loading resources for 3.2.1 'ImageSet'
Trace|Loading resources for 3.2.2 'ImageSet'
Trace|Loading resources for 4 'Activity'
Trace|Loading resources for 4.1 'Steps'
Trace|Loading resources for 4.1.1 'Number'
Trace|Loading resources for 4.1.1.5 'TextAlignment'
Trace|Loading image 11...
Trace|Image was loaded from file C:\Users\lucas\Downloads\MiBandWFTool_2.1.5\jl_pt\0011.png
Trace|Loading image 12...
Trace|Image was loaded from file C:\Users\lucas\Downloads\MiBandWFTool_2.1.5\jl_pt\0012.png
Trace|Loading image 13...
Trace|Image was loaded from file C:\Users\lucas\Downloads\MiBandWFTool_2.1.5\jl_pt\0013.png
Trace|Loading image 14...
Trace|Image was loaded from file C:\Users\lucas\Downloads\MiBandWFTool_2.1.5\jl_pt\0014.png
Trace|Loading image 15...
Trace|Image was loaded from file C:\Users\lucas\Downloads\MiBandWFTool_2.1.5\jl_pt\0015.png
Trace|Loading image 16...
Trace|Image was loaded from file C:\Users\lucas\Downloads\MiBandWFTool_2.1.5\jl_pt\0016.png
Trace|Loading image 17...
Trace|Image was loaded from file C:\Users\lucas\Downloads\MiBandWFTool_2.1.5\jl_pt\0017.png
Trace|Loading image 18...
Trace|Image was loaded from file C:\Users\lucas\Downloads\MiBandWFTool_2.1.5\jl_pt\0018.png
Trace|Loading image 19...
Trace|Image was loaded from file C:\Users\lucas\Downloads\MiBandWFTool_2.1.5\jl_pt\0019.png
Trace|Loading image 20...
Trace|Image was loaded from file C:\Users\lucas\Downloads\MiBandWFTool_2.1.5\jl_pt\0020.png
Trace|Loading resources for 4.3 'CaloriesWrapper'
Trace|Loading resources for 4.3.1 'Number'
Trace|Loading resources for 4.3.1.5 'TextAlignment'
Trace|Loading resources for 4.4 'PulseWrapper'
Trace|Loading resources for 4.4.1 'Number'
Trace|Loading resources for 4.4.1.5 'TextAlignment'
Trace|Loading image 63...
Trace|Image was loaded from file C:\Users\lucas\Downloads\MiBandWFTool_2.1.5\jl_pt\0063.png
Trace|Loading resources for 4.5 'FormattedNumber'
Trace|Loading resources for 4.5.1 'Number'
Trace|Loading resources for 4.5.1.5 'TextAlignment'
Trace|Loading image 66...
Trace|Image was loaded from file C:\Users\lucas\Downloads\MiBandWFTool_2.1.5\jl_pt\0066.png
Trace|Loading image 65...
Trace|Image was loaded from file C:\Users\lucas\Downloads\MiBandWFTool_2.1.5\jl_pt\0065.png
Trace|Loading resources for 5 'Date'
Trace|Loading resources for 5.1 'MonthAndDayAndYear'
Trace|Loading resources for 5.1.1 'SeparateMonthAndDay'
Trace|Loading resources for 5.1.1.1 'Number'
Trace|Loading resources for 5.1.1.1.5 'TextAlignment'
Trace|Loading resources for 5.1.1.4 'Number'
Trace|Loading resources for 5.1.1.4.5 'TextAlignment'
Trace|Loading resources for 5.1.4 'Boolean'
Trace|Loading resources for 5.1.5 'Boolean'
Trace|Loading resources for 5.4 'ImageSet'
Trace|Loading image 32...
Trace|Image was loaded from file C:\Users\lucas\Downloads\MiBandWFTool_2.1.5\jl_pt\0032.png
Trace|Loading image 33...
Trace|Image was loaded from file C:\Users\lucas\Downloads\MiBandWFTool_2.1.5\jl_pt\0033.png
Trace|Loading image 34...
Trace|Image was loaded from file C:\Users\lucas\Downloads\MiBandWFTool_2.1.5\jl_pt\0034.png
Trace|Loading image 35...
Trace|Image was loaded from file C:\Users\lucas\Downloads\MiBandWFTool_2.1.5\jl_pt\0035.png
Trace|Loading image 36...
Trace|Image was loaded from file C:\Users\lucas\Downloads\MiBandWFTool_2.1.5\jl_pt\0036.png
Trace|Loading image 37...
Trace|Image was loaded from file C:\Users\lucas\Downloads\MiBandWFTool_2.1.5\jl_pt\0037.png
Trace|Loading image 38...
Trace|Image was loaded from file C:\Users\lucas\Downloads\MiBandWFTool_2.1.5\jl_pt\0038.png
Trace|Loading resources for 8 'Status'
Trace|Loading resources for 8.1 'Switch'
Trace|Loading resources for 8.1.1 'XY'
Trace|Loading image 40...
Trace|Image was loaded from file C:\Users\lucas\Downloads\MiBandWFTool_2.1.5\jl_pt\0040.png
Trace|Loading resources for 8.2 'Switch'
Trace|Loading resources for 8.2.1 'XY'
Trace|Loading image 41...
Trace|Image was loaded from file C:\Users\lucas\Downloads\MiBandWFTool_2.1.5\jl_pt\0041.png
Trace|Loading resources for 8.3 'Switch'
Trace|Loading resources for 8.3.1 'XY'
Trace|Loading image 39...
Trace|Image was loaded from file C:\Users\lucas\Downloads\MiBandWFTool_2.1.5\jl_pt\0039.png
Trace|Loading resources for 9 'Battery'
Trace|Loading resources for 9.1 'BatteryTextWrapper'
Trace|Loading resources for 9.1.1 'Number'
Trace|Loading resources for 9.1.1.5 'TextAlignment'
Trace|Loading image 42...
Trace|Image was loaded from file C:\Users\lucas\Downloads\MiBandWFTool_2.1.5\jl_pt\0042.png
Trace|Loading image 43...
Trace|Image was loaded from file C:\Users\lucas\Downloads\MiBandWFTool_2.1.5\jl_pt\0043.png
Trace|Loading image 44...
Trace|Image was loaded from file C:\Users\lucas\Downloads\MiBandWFTool_2.1.5\jl_pt\0044.png
Trace|Loading image 45...
Trace|Image was loaded from file C:\Users\lucas\Downloads\MiBandWFTool_2.1.5\jl_pt\0045.png
Trace|Loading image 46...
Trace|Image was loaded from file C:\Users\lucas\Downloads\MiBandWFTool_2.1.5\jl_pt\0046.png
Trace|Loading image 47...
Trace|Image was loaded from file C:\Users\lucas\Downloads\MiBandWFTool_2.1.5\jl_pt\0047.png
Trace|Loading image 48...
Trace|Image was loaded from file C:\Users\lucas\Downloads\MiBandWFTool_2.1.5\jl_pt\0048.png
Trace|Loading image 49...
Trace|Image was loaded from file C:\Users\lucas\Downloads\MiBandWFTool_2.1.5\jl_pt\0049.png
Trace|Loading image 50...
Trace|Image was loaded from file C:\Users\lucas\Downloads\MiBandWFTool_2.1.5\jl_pt\0050.png
Trace|Loading image 51...
Trace|Image was loaded from file C:\Users\lucas\Downloads\MiBandWFTool_2.1.5\jl_pt\0051.png
Trace|Loading image 52...
Trace|Image was loaded from file C:\Users\lucas\Downloads\MiBandWFTool_2.1.5\jl_pt\0052.png
Trace|Loading resources for 9.2 'ImageSet'
Trace|Loading image 53...
Trace|Image was loaded from file C:\Users\lucas\Downloads\MiBandWFTool_2.1.5\jl_pt\0053.png
Trace|Loading image 54...
Trace|Image was loaded from file C:\Users\lucas\Downloads\MiBandWFTool_2.1.5\jl_pt\0054.png
Trace|Loading image 55...
Trace|Image was loaded from file C:\Users\lucas\Downloads\MiBandWFTool_2.1.5\jl_pt\0055.png
Trace|Loading image 56...
Trace|Image was loaded from file C:\Users\lucas\Downloads\MiBandWFTool_2.1.5\jl_pt\0056.png
Trace|Loading image 57...
Trace|Image was loaded from file C:\Users\lucas\Downloads\MiBandWFTool_2.1.5\jl_pt\0057.png
Trace|Loading image 58...
Trace|Image was loaded from file C:\Users\lucas\Downloads\MiBandWFTool_2.1.5\jl_pt\0058.png
Trace|Loading image 59...
Trace|Image was loaded from file C:\Users\lucas\Downloads\MiBandWFTool_2.1.5\jl_pt\0059.png
Trace|Loading image 60...
Trace|Image was loaded from file C:\Users\lucas\Downloads\MiBandWFTool_2.1.5\jl_pt\0060.png
Trace|Loading image 61...
Trace|Image was loaded from file C:\Users\lucas\Downloads\MiBandWFTool_2.1.5\jl_pt\0061.png
Trace|Loading image 62...
Trace|Image was loaded from file C:\Users\lucas\Downloads\MiBandWFTool_2.1.5\jl_pt\0062.png
Trace|Verifiying Resources...
Trace|Order change, moving31 to 21
Trace|Order change, moving32 to 22
Trace|Order change, moving33 to 23
Trace|Order change, moving34 to 24
Trace|Order change, moving35 to 25
Trace|Order change, moving36 to 26
Trace|Order change, moving37 to 27
Trace|Order change, moving38 to 28
Trace|Order change, moving39 to 29
Trace|Order change, moving40 to 30
Trace|Order change, moving41 to 31
Trace|Order change, moving42 to 32
Trace|Order change, moving43 to 33
Trace|Order change, moving44 to 34
Trace|Order change, moving45 to 35
Trace|Order change, moving46 to 36
Trace|Order change, moving47 to 37
Trace|Order change, moving48 to 38
Trace|Order change, moving49 to 39
Trace|Order change, moving50 to 40
Trace|Order change, moving51 to 41
Trace|Order change, moving52 to 42
Trace|Order change, moving53 to 43
Trace|Order change, moving54 to 44
Trace|Order change, moving55 to 45
Trace|Order change, moving56 to 46
Trace|Order change, moving57 to 47
Trace|Order change, moving58 to 48
Trace|Order change, moving59 to 49
Trace|Order change, moving60 to 50
Trace|Order change, moving61 to 51
Trace|Order change, moving62 to 52
Trace|Order change, moving63 to 53
Trace|Order change, moving65 to 54
Trace|Order change, moving66 to 55
Trace|Building parameters for watch face...
Trace|2.1.1 'X': 0
Trace|2.1.2 'Y': 0
Trace|2.1.3 'ImageIndex': 0
Trace|2.1 'Image'
Trace|2.3.1 'X': 18
Trace|2.3.2 'Y': 17
Trace|2.3.3 'ImageIndex': 21
Trace|2.3 'Preview1'
Trace|2 'Background'
Trace|3.1.1.1 'X': 7
Trace|3.1.1.2 'Y': 35
Trace|3.1.1.3 'ImageIndex': 1
Trace|3.1.1.4 'ImagesCount': 10
Trace|3.1.1 'Tens'
Trace|3.1.2.1 'X': 32
Trace|3.1.2.2 'Y': 35
Trace|3.1.2.3 'ImageIndex': 1
Trace|3.1.2.4 'ImagesCount': 10
Trace|3.1.2 'Ones'
Trace|3.1 'Hours'
Trace|3.2.1.1 'X': 70
Trace|3.2.1.2 'Y': 35
Trace|3.2.1.3 'ImageIndex': 1
Trace|3.2.1.4 'ImagesCount': 10
Trace|3.2.1 'Tens'
Trace|3.2.2.1 'X': 95
Trace|3.2.2.2 'Y': 35
Trace|3.2.2.3 'ImageIndex': 1
Trace|3.2.2.4 'ImagesCount': 10
Trace|3.2.2 'Ones'
Trace|3.2 'Minutes'
Trace|3.11 'UnknownV11': 0
Trace|3 'Time'
Trace|4.1.1.1 'TopLeftX': 78
Trace|4.1.1.2 'TopLeftY': 238
Trace|4.1.1.3 'BottomRightX': 101
Trace|4.1.1.4 'BottomRightY': 0
Trace|4.1.1.5 'Alignment': 4
Trace|4.1.1.6 'SpacingX': -2
Trace|4.1.1.7 'SpacingY': 0
Trace|4.1.1.8 'ImageIndex': 11
Trace|4.1.1.9 'ImagesCount': 10
Trace|4.1.1 'Number'
Trace|4.1 'Steps'
Trace|4.3.1.1 'TopLeftX': 20
Trace|4.3.1.2 'TopLeftY': 268
Trace|4.3.1.3 'BottomRightX': 77
Trace|4.3.1.4 'BottomRightY': 238
Trace|4.3.1.5 'Alignment': 18
Trace|4.3.1.6 'SpacingX': -1
Trace|4.3.1.7 'SpacingY': 0
Trace|4.3.1.8 'ImageIndex': 11
Trace|4.3.1.9 'ImagesCount': 10
Trace|4.3.1 'Text'
Trace|4.3 'Calories'
Trace|4.4.1.1 'TopLeftX': 20
Trace|4.4.1.2 'TopLeftY': 238
Trace|4.4.1.3 'BottomRightX': 50
Trace|4.4.1.4 'BottomRightY': 50
Trace|4.4.1.5 'Alignment': 18
Trace|4.4.1.6 'SpacingX': -1
Trace|4.4.1.7 'SpacingY': 0
Trace|4.4.1.8 'ImageIndex': 11
Trace|4.4.1.9 'ImagesCount': 10
Trace|4.4.1 'Number'
Trace|4.4.3 'NoDataImageIndex': 53
Trace|4.4 'Pulse'
Trace|4.5.1.1 'TopLeftX': 68
Trace|4.5.1.2 'TopLeftY': 268
Trace|4.5.1.3 'BottomRightX': 97
Trace|4.5.1.4 'BottomRightY': 192
Trace|4.5.1.5 'Alignment': 18
Trace|4.5.1.6 'SpacingX': -2
Trace|4.5.1.7 'SpacingY': 0
Trace|4.5.1.8 'ImageIndex': 11
Trace|4.5.1.9 'ImagesCount': 10
Trace|4.5.1 'Number'
Trace|4.5.2 'KmSuffixImageIndex': 55
Trace|4.5.3 'DecimalPointImageIndex': 54
Trace|4.5 'Distance'
Trace|4.7 'UnknownV7': 0
Trace|4 'Activity'
Trace|5.1.1.1.1 'TopLeftX': 95
Trace|5.1.1.1.2 'TopLeftY': 95
Trace|5.1.1.1.3 'BottomRightX': 0
Trace|5.1.1.1.4 'BottomRightY': 0
Trace|5.1.1.1.5 'Alignment': 18
Trace|5.1.1.1.6 'SpacingX': 0
Trace|5.1.1.1.7 'SpacingY': 0
Trace|5.1.1.1.8 'ImageIndex': 11
Trace|5.1.1.1.9 'ImagesCount': 10
Trace|5.1.1.1 'Month'
Trace|5.1.1.4.1 'TopLeftX': 0
Trace|5.1.1.4.2 'TopLeftY': 95
Trace|5.1.1.4.3 'BottomRightX': 88
Trace|5.1.1.4.4 'BottomRightY': 0
Trace|5.1.1.4.5 'Alignment': 4
Trace|5.1.1.4.6 'SpacingX': 0
Trace|5.1.1.4.7 'SpacingY': 0
Trace|5.1.1.4.8 'ImageIndex': 11
Trace|5.1.1.4.9 'ImagesCount': 10
Trace|5.1.1.4 'Day'
Trace|5.1.1 'Separate'
Trace|5.1.4 'TwoDigitsMonth': 1
Trace|5.1.5 'TwoDigitsDay': 1
Trace|5.1 'MonthAndDayAndYear'
Trace|5.4.1 'X': 9
Trace|5.4.2 'Y': 95
Trace|5.4.3 'ImageIndex': 22
Trace|5.4.4 'ImagesCount': 7
Trace|5.4 'ENWeekDays'
Trace|5 'Date'
Trace|8.1.1.1 'X': 24
Trace|8.1.1.2 'Y': 10
Trace|8.1.1 'Coordinates'
Trace|8.1.2 'ImageIndexOn': 30
Trace|8.1 'DoNotDisturb'
Trace|8.2.1.1 'X': 40
Trace|8.2.1.2 'Y': 10
Trace|8.2.1 'Coordinates'
Trace|8.2.3 'ImageIndexOff': 31
Trace|8.2 'Lock'
Trace|8.3.1.1 'X': 8
Trace|8.3.1.2 'Y': 10
Trace|8.3.1 'Coordinates'
Trace|8.3.3 'ImageIndexOff': 29
Trace|8.3 'Bluetooth'
Trace|8 'Status'
Trace|9.1.1.1 'TopLeftX': 60
Trace|9.1.1.2 'TopLeftY': 10
Trace|9.1.1.3 'BottomRightX': 94
Trace|9.1.1.4 'BottomRightY': 22
Trace|9.1.1.5 'Alignment': 20
Trace|9.1.1.6 'SpacingX': 0
Trace|9.1.1.7 'SpacingY': 0
Trace|9.1.1.8 'ImageIndex': 32
Trace|9.1.1.9 'ImagesCount': 10
Trace|9.1.1 'Coordinates'
Trace|9.1.4 'SuffixImageIndex': 42
Trace|9.1 'BatteryText'
Trace|9.2.1 'X': 97
Trace|9.2.2 'Y': 10
Trace|9.2.3 'ImageIndex': 43
Trace|9.2.4 'ImagesCount': 10
Trace|9.2 'BatteryIcon'
Trace|9 'Battery'
Debug|Generating previews...
Debug|Writing watch face to 'C:\Users\lucas\Downloads\MiBandWFTool_2.1.5\jl_pt\jl_pt_packed.bin'
Trace|Encoding parameters...
Trace|Parameter: 2
Trace|1 (0A):
Trace|    1 (08): 0 (00)
Trace|    2 (10): 0 (00)
Trace|    3 (18): 0 (00)
Trace|8 bytes
Trace|3 (1A):
Trace|    1 (08): 18 (12)
Trace|    2 (10): 17 (11)
Trace|    3 (18): 21 (15)
Trace|8 bytes
Trace|Parameter: 3
Trace|1 (0A):
Trace|    1 (0A):
Trace|        1 (08): 7 (07)
Trace|        2 (10): 35 (23)
Trace|        3 (18): 1 (01)
Trace|        4 (20): 10 (0A)
Trace|    10 bytes
Trace|    2 (12):
Trace|        1 (08): 32 (20)
Trace|        2 (10): 35 (23)
Trace|        3 (18): 1 (01)
Trace|        4 (20): 10 (0A)
Trace|    10 bytes
Trace|22 bytes
Trace|2 (12):
Trace|    1 (0A):
Trace|        1 (08): 70 (46)
Trace|        2 (10): 35 (23)
Trace|        3 (18): 1 (01)
Trace|        4 (20): 10 (0A)
Trace|    10 bytes
Trace|    2 (12):
Trace|        1 (08): 95 (5F)
Trace|        2 (10): 35 (23)
Trace|        3 (18): 1 (01)
Trace|        4 (20): 10 (0A)
Trace|    10 bytes
Trace|22 bytes
Trace|11 (58): 0 (00)
Trace|Parameter: 4
Trace|1 (0A):
Trace|    1 (0A):
Trace|        1 (08): 78 (4E)
Trace|        2 (10): 238 (EE)
Trace|        3 (18): 101 (65)
Trace|        4 (20): 0 (00)
Trace|        5 (28): 4 (04)
Trace|        6 (30): -2 (FFFFFFFFFFFFFFFE)
Trace|        7 (38): 0 (00)
Trace|        8 (40): 11 (0B)
Trace|        9 (48): 10 (0A)
Trace|    30 bytes
Trace|32 bytes
Trace|3 (1A):
Trace|    1 (0A):
Trace|        1 (08): 20 (14)
Trace|        2 (10): 268 (10C)
Trace|        3 (18): 77 (4D)
Trace|        4 (20): 238 (EE)
Trace|        5 (28): 18 (12)
Trace|        6 (30): -1 (FFFFFFFFFFFFFFFF)
Trace|        7 (38): 0 (00)
Trace|        8 (40): 11 (0B)
Trace|        9 (48): 10 (0A)
Trace|    31 bytes
Trace|33 bytes
Trace|4 (22):
Trace|    1 (0A):
Trace|        1 (08): 20 (14)
Trace|        2 (10): 238 (EE)
Trace|        3 (18): 50 (32)
Trace|        4 (20): 50 (32)
Trace|        5 (28): 18 (12)
Trace|        6 (30): -1 (FFFFFFFFFFFFFFFF)
Trace|        7 (38): 0 (00)
Trace|        8 (40): 11 (0B)
Trace|        9 (48): 10 (0A)
Trace|    30 bytes
Trace|    3 (18): 53 (35)
Trace|34 bytes
Trace|5 (2A):
Trace|    1 (0A):
Trace|        1 (08): 68 (44)
Trace|        2 (10): 268 (10C)
Trace|        3 (18): 97 (61)
Trace|        4 (20): 192 (C0)
Trace|        5 (28): 18 (12)
Trace|        6 (30): -2 (FFFFFFFFFFFFFFFE)
Trace|        7 (38): 0 (00)
Trace|        8 (40): 11 (0B)
Trace|        9 (48): 10 (0A)
Trace|    31 bytes
Trace|    2 (10): 55 (37)
Trace|    3 (18): 54 (36)
Trace|37 bytes
Trace|7 (38): 0 (00)
Trace|Parameter: 5
Trace|1 (0A):
Trace|    1 (0A):
Trace|        1 (0A):
Trace|            1 (08): 95 (5F)
Trace|            2 (10): 95 (5F)
Trace|            3 (18): 0 (00)
Trace|            4 (20): 0 (00)
Trace|            5 (28): 18 (12)
Trace|            6 (30): 0 (00)
Trace|            7 (38): 0 (00)
Trace|            8 (40): 11 (0B)
Trace|            9 (48): 10 (0A)
Trace|        20 bytes
Trace|        4 (22):
Trace|            1 (08): 0 (00)
Trace|            2 (10): 95 (5F)
Trace|            3 (18): 88 (58)
Trace|            4 (20): 0 (00)
Trace|            5 (28): 4 (04)
Trace|            6 (30): 0 (00)
Trace|            7 (38): 0 (00)
Trace|            8 (40): 11 (0B)
Trace|            9 (48): 10 (0A)
Trace|        20 bytes
Trace|    42 bytes
Trace|    4 (20): 1 (01)
Trace|    5 (28): 1 (01)
Trace|48 bytes
Trace|4 (22):
Trace|    1 (08): 9 (09)
Trace|    2 (10): 95 (5F)
Trace|    3 (18): 22 (16)
Trace|    4 (20): 7 (07)
Trace|10 bytes
Trace|Parameter: 8
Trace|1 (0A):
Trace|    1 (0A):
Trace|        1 (08): 24 (18)
Trace|        2 (10): 10 (0A)
Trace|    6 bytes
Trace|    2 (10): 30 (1E)
Trace|10 bytes
Trace|2 (12):
Trace|    1 (0A):
Trace|        1 (08): 40 (28)
Trace|        2 (10): 10 (0A)
Trace|    6 bytes
Trace|    3 (18): 31 (1F)
Trace|10 bytes
Trace|3 (1A):
Trace|    1 (0A):
Trace|        1 (08): 8 (08)
Trace|        2 (10): 10 (0A)
Trace|    6 bytes
Trace|    3 (18): 29 (1D)
Trace|10 bytes
Trace|Parameter: 9
Trace|1 (0A):
Trace|    1 (0A):
Trace|        1 (08): 60 (3C)
Trace|        2 (10): 10 (0A)
Trace|        3 (18): 94 (5E)
Trace|        4 (20): 22 (16)
Trace|        5 (28): 20 (14)
Trace|        6 (30): 0 (00)
Trace|        7 (38): 0 (00)
Trace|        8 (40): 32 (20)
Trace|        9 (48): 10 (0A)
Trace|    20 bytes
Trace|    4 (20): 42 (2A)
Trace|24 bytes
Trace|2 (12):
Trace|    1 (08): 97 (61)
Trace|    2 (10): 10 (0A)
Trace|    3 (18): 43 (2B)
Trace|    4 (20): 10 (0A)
Trace|10 bytes
Trace|Encoding offsets and lengths...
Trace|1 (0A):
Trace|    1 (08): 322 (142)
Trace|    2 (10): 56 (38)
Trace|7 bytes
Trace|2 (12):
Trace|    1 (08): 0 (00)
Trace|    2 (10): 16 (10)
Trace|6 bytes
Trace|3 (1A):
Trace|    1 (08): 16 (10)
Trace|    2 (10): 46 (2E)
Trace|6 bytes
Trace|4 (22):
Trace|    1 (08): 62 (3E)
Trace|    2 (10): 138 (8A)
Trace|7 bytes
Trace|5 (2A):
Trace|    1 (08): 200 (C8)
Trace|    2 (10): 58 (3A)
Trace|7 bytes
Trace|8 (42):
Trace|    1 (08): 258 (102)
Trace|    2 (10): 30 (1E)
Trace|7 bytes
Trace|9 (4A):
Trace|    1 (08): 288 (120)
Trace|    2 (10): 34 (22)
Trace|7 bytes
Trace|Writing header...
Trace|Writing parameters offsets and lengths...
Trace|Writing parameters...
Trace|Writing images...
Trace|Resource 0 offset is 0...
Debug|Encoding resource 0...
Trace|Writing image in Raw mode
Trace|No Transparency image...
Trace|Writing image header...
Trace|Width: 126, Height: 294, RowLength: 252
Trace|BPP: 16, PaletteColors: 0, Transaparency: 0
Trace|Writing image...
Trace|Resource 1 offset is 74104...
Debug|Encoding resource 1...
Trace|Writing image in Raw mode
Trace|No Transparency image...
Trace|Writing image header...
Trace|Width: 24, Height: 51, RowLength: 48
Trace|BPP: 16, PaletteColors: 0, Transaparency: 0
Trace|Writing image...
Trace|Resource 2 offset is 76568...
Debug|Encoding resource 2...
Trace|Writing image in Raw mode
Trace|No Transparency image...
Trace|Writing image header...
Trace|Width: 24, Height: 51, RowLength: 48
Trace|BPP: 16, PaletteColors: 0, Transaparency: 0
Trace|Writing image...
Trace|Resource 3 offset is 79032...
Debug|Encoding resource 3...
Trace|Writing image in Raw mode
Trace|No Transparency image...
Trace|Writing image header...
Trace|Width: 24, Height: 51, RowLength: 48
Trace|BPP: 16, PaletteColors: 0, Transaparency: 0
Trace|Writing image...
Trace|Resource 4 offset is 81496...
Debug|Encoding resource 4...
Trace|Writing image in Raw mode
Trace|No Transparency image...
Trace|Writing image header...
Trace|Width: 24, Height: 51, RowLength: 48
Trace|BPP: 16, PaletteColors: 0, Transaparency: 0
Trace|Writing image...
Trace|Resource 5 offset is 83960...
Debug|Encoding resource 5...
Trace|Writing image in Raw mode
Trace|No Transparency image...
Trace|Writing image header...
Trace|Width: 24, Height: 51, RowLength: 48
Trace|BPP: 16, PaletteColors: 0, Transaparency: 0
Trace|Writing image...
Trace|Resource 6 offset is 86424...
Debug|Encoding resource 6...
Trace|Writing image in Raw mode
Trace|No Transparency image...
Trace|Writing image header...
Trace|Width: 24, Height: 51, RowLength: 48
Trace|BPP: 16, PaletteColors: 0, Transaparency: 0
Trace|Writing image...
Trace|Resource 7 offset is 88888...
Debug|Encoding resource 7...
Trace|Writing image in Raw mode
Trace|No Transparency image...
Trace|Writing image header...
Trace|Width: 24, Height: 51, RowLength: 48
Trace|BPP: 16, PaletteColors: 0, Transaparency: 0
Trace|Writing image...
Trace|Resource 8 offset is 91352...
Debug|Encoding resource 8...
Trace|Writing image in Raw mode
Trace|No Transparency image...
Trace|Writing image header...
Trace|Width: 24, Height: 51, RowLength: 48
Trace|BPP: 16, PaletteColors: 0, Transaparency: 0
Trace|Writing image...
Trace|Resource 9 offset is 93816...
Debug|Encoding resource 9...
Trace|Writing image in Raw mode
Trace|No Transparency image...
Trace|Writing image header...
Trace|Width: 24, Height: 51, RowLength: 48
Trace|BPP: 16, PaletteColors: 0, Transaparency: 0
Trace|Writing image...
Trace|Resource 10 offset is 96280...
Debug|Encoding resource 10...
Trace|Writing image in Raw mode
Trace|No Transparency image...
Trace|Writing image header...
Trace|Width: 24, Height: 51, RowLength: 48
Trace|BPP: 16, PaletteColors: 0, Transaparency: 0
Trace|Writing image...
Trace|Resource 11 offset is 98744...
Debug|Encoding resource 11...
Trace|Writing image in Raw mode
Trace|No Transparency image...
Trace|Writing image header...
Trace|Width: 11, Height: 25, RowLength: 22
Trace|BPP: 16, PaletteColors: 0, Transaparency: 0
Trace|Writing image...
Trace|Resource 12 offset is 99310...
Debug|Encoding resource 12...
Trace|Writing image in Raw mode
Trace|No Transparency image...
Trace|Writing image header...
Trace|Width: 11, Height: 25, RowLength: 22
Trace|BPP: 16, PaletteColors: 0, Transaparency: 0
Trace|Writing image...
Trace|Resource 13 offset is 99876...
Debug|Encoding resource 13...
Trace|Writing image in Raw mode
Trace|No Transparency image...
Trace|Writing image header...
Trace|Width: 11, Height: 25, RowLength: 22
Trace|BPP: 16, PaletteColors: 0, Transaparency: 0
Trace|Writing image...
Trace|Resource 14 offset is 100442...
Debug|Encoding resource 14...
Trace|Writing image in Raw mode
Trace|No Transparency image...
Trace|Writing image header...
Trace|Width: 11, Height: 25, RowLength: 22
Trace|BPP: 16, PaletteColors: 0, Transaparency: 0
Trace|Writing image...
Trace|Resource 15 offset is 101008...
Debug|Encoding resource 15...
Trace|Writing image in Raw mode
Trace|No Transparency image...
Trace|Writing image header...
Trace|Width: 11, Height: 25, RowLength: 22
Trace|BPP: 16, PaletteColors: 0, Transaparency: 0
Trace|Writing image...
Trace|Resource 16 offset is 101574...
Debug|Encoding resource 16...
Trace|Writing image in Raw mode
Trace|No Transparency image...
Trace|Writing image header...
Trace|Width: 11, Height: 25, RowLength: 22
Trace|BPP: 16, PaletteColors: 0, Transaparency: 0
Trace|Writing image...
Trace|Resource 17 offset is 102140...
Debug|Encoding resource 17...
Trace|Writing image in Raw mode
Trace|No Transparency image...
Trace|Writing image header...
Trace|Width: 11, Height: 25, RowLength: 22
Trace|BPP: 16, PaletteColors: 0, Transaparency: 0
Trace|Writing image...
Trace|Resource 18 offset is 102706...
Debug|Encoding resource 18...
Trace|Writing image in Raw mode
Trace|No Transparency image...
Trace|Writing image header...
Trace|Width: 11, Height: 25, RowLength: 22
Trace|BPP: 16, PaletteColors: 0, Transaparency: 0
Trace|Writing image...
Trace|Resource 19 offset is 103272...
Debug|Encoding resource 19...
Trace|Writing image in Raw mode
Trace|No Transparency image...
Trace|Writing image header...
Trace|Width: 11, Height: 25, RowLength: 22
Trace|BPP: 16, PaletteColors: 0, Transaparency: 0
Trace|Writing image...
Trace|Resource 20 offset is 103838...
Debug|Encoding resource 20...
Trace|Writing image in Raw mode
Trace|No Transparency image...
Trace|Writing image header...
Trace|Width: 11, Height: 25, RowLength: 22
Trace|BPP: 16, PaletteColors: 0, Transaparency: 0
Trace|Writing image...
Trace|Resource 21 offset is 104404...
Debug|Encoding resource 21...
Trace|Writing image in Raw mode
Trace|No Transparency image...
Trace|Writing image header...
Trace|Width: 90, Height: 210, RowLength: 180
Trace|BPP: 16, PaletteColors: 0, Transaparency: 0
Trace|Writing image...
Trace|Resource 22 offset is 142220...
Debug|Encoding resource 22...
Trace|Writing image in Raw mode
Trace|No Transparency image...
Trace|Writing image header...
Trace|Width: 37, Height: 28, RowLength: 74
Trace|BPP: 16, PaletteColors: 0, Transaparency: 0
Trace|Writing image...
Trace|Resource 23 offset is 144308...
Debug|Encoding resource 23...
Trace|Writing image in Raw mode
Trace|No Transparency image...
Trace|Writing image header...
Trace|Width: 37, Height: 28, RowLength: 74
Trace|BPP: 16, PaletteColors: 0, Transaparency: 0
Trace|Writing image...
Trace|Resource 24 offset is 146396...
Debug|Encoding resource 24...
Trace|Writing image in Raw mode
Trace|No Transparency image...
Trace|Writing image header...
Trace|Width: 37, Height: 28, RowLength: 74
Trace|BPP: 16, PaletteColors: 0, Transaparency: 0
Trace|Writing image...
Trace|Resource 25 offset is 148484...
Debug|Encoding resource 25...
Trace|Writing image in Raw mode
Trace|No Transparency image...
Trace|Writing image header...
Trace|Width: 37, Height: 28, RowLength: 74
Trace|BPP: 16, PaletteColors: 0, Transaparency: 0
Trace|Writing image...
Trace|Resource 26 offset is 150572...
Debug|Encoding resource 26...
Trace|Writing image in Raw mode
Trace|No Transparency image...
Trace|Writing image header...
Trace|Width: 37, Height: 28, RowLength: 74
Trace|BPP: 16, PaletteColors: 0, Transaparency: 0
Trace|Writing image...
Trace|Resource 27 offset is 152660...
Debug|Encoding resource 27...
Trace|Writing image in Raw mode
Trace|No Transparency image...
Trace|Writing image header...
Trace|Width: 37, Height: 28, RowLength: 74
Trace|BPP: 16, PaletteColors: 0, Transaparency: 0
Trace|Writing image...
Trace|Resource 28 offset is 154748...
Debug|Encoding resource 28...
Trace|Writing image in Raw mode
Trace|No Transparency image...
Trace|Writing image header...
Trace|Width: 37, Height: 28, RowLength: 74
Trace|BPP: 16, PaletteColors: 0, Transaparency: 0
Trace|Writing image...
Trace|Resource 29 offset is 156836...
Debug|Encoding resource 29...
Trace|Writing image in Raw mode
Trace|No Transparency image...
Trace|Writing image header...
Trace|Width: 12, Height: 12, RowLength: 24
Trace|BPP: 16, PaletteColors: 0, Transaparency: 0
Trace|Writing image...
Trace|Resource 30 offset is 157140...
Debug|Encoding resource 30...
Trace|Writing image in Raw mode
Trace|No Transparency image...
Trace|Writing image header...
Trace|Width: 12, Height: 12, RowLength: 24
Trace|BPP: 16, PaletteColors: 0, Transaparency: 0
Trace|Writing image...
Trace|Resource 31 offset is 157444...
Debug|Encoding resource 31...
Trace|Writing image in Raw mode
Trace|No Transparency image...
Trace|Writing image header...
Trace|Width: 12, Height: 12, RowLength: 24
Trace|BPP: 16, PaletteColors: 0, Transaparency: 0
Trace|Writing image...
Trace|Resource 32 offset is 157748...
Debug|Encoding resource 32...
Trace|Writing image in Raw mode
Trace|No Transparency image...
Trace|Writing image header...
Trace|Width: 8, Height: 12, RowLength: 16
Trace|BPP: 16, PaletteColors: 0, Transaparency: 0
Trace|Writing image...
Trace|Resource 33 offset is 157956...
Debug|Encoding resource 33...
Trace|Writing image in Raw mode
Trace|No Transparency image...
Trace|Writing image header...
Trace|Width: 8, Height: 12, RowLength: 16
Trace|BPP: 16, PaletteColors: 0, Transaparency: 0
Trace|Writing image...
Trace|Resource 34 offset is 158164...
Debug|Encoding resource 34...
Trace|Writing image in Raw mode
Trace|No Transparency image...
Trace|Writing image header...
Trace|Width: 8, Height: 12, RowLength: 16
Trace|BPP: 16, PaletteColors: 0, Transaparency: 0
Trace|Writing image...
Trace|Resource 35 offset is 158372...
Debug|Encoding resource 35...
Trace|Writing image in Raw mode
Trace|No Transparency image...
Trace|Writing image header...
Trace|Width: 8, Height: 12, RowLength: 16
Trace|BPP: 16, PaletteColors: 0, Transaparency: 0
Trace|Writing image...
Trace|Resource 36 offset is 158580...
Debug|Encoding resource 36...
Trace|Writing image in Raw mode
Trace|No Transparency image...
Trace|Writing image header...
Trace|Width: 8, Height: 12, RowLength: 16
Trace|BPP: 16, PaletteColors: 0, Transaparency: 0
Trace|Writing image...
Trace|Resource 37 offset is 158788...
Debug|Encoding resource 37...
Trace|Writing image in Raw mode
Trace|No Transparency image...
Trace|Writing image header...
Trace|Width: 8, Height: 12, RowLength: 16
Trace|BPP: 16, PaletteColors: 0, Transaparency: 0
Trace|Writing image...
Trace|Resource 38 offset is 158996...
Debug|Encoding resource 38...
Trace|Writing image in Raw mode
Trace|No Transparency image...
Trace|Writing image header...
Trace|Width: 8, Height: 12, RowLength: 16
Trace|BPP: 16, PaletteColors: 0, Transaparency: 0
Trace|Writing image...
Trace|Resource 39 offset is 159204...
Debug|Encoding resource 39...
Trace|Writing image in Raw mode
Trace|No Transparency image...
Trace|Writing image header...
Trace|Width: 8, Height: 12, RowLength: 16
Trace|BPP: 16, PaletteColors: 0, Transaparency: 0
Trace|Writing image...
Trace|Resource 40 offset is 159412...
Debug|Encoding resource 40...
Trace|Writing image in Raw mode
Trace|No Transparency image...
Trace|Writing image header...
Trace|Width: 8, Height: 12, RowLength: 16
Trace|BPP: 16, PaletteColors: 0, Transaparency: 0
Trace|Writing image...
Trace|Resource 41 offset is 159620...
Debug|Encoding resource 41...
Trace|Writing image in Raw mode
Trace|No Transparency image...
Trace|Writing image header...
Trace|Width: 8, Height: 12, RowLength: 16
Trace|BPP: 16, PaletteColors: 0, Transaparency: 0
Trace|Writing image...
Trace|Resource 42 offset is 159828...
Debug|Encoding resource 42...
Trace|Writing image in Raw mode
Trace|No Transparency image...
Trace|Writing image header...
Trace|Width: 8, Height: 12, RowLength: 16
Trace|BPP: 16, PaletteColors: 0, Transaparency: 0
Trace|Writing image...
Trace|Resource 43 offset is 160036...
Debug|Encoding resource 43...
Trace|Writing image in Raw mode
Trace|No Transparency image...
Trace|Writing image header...
Trace|Width: 20, Height: 12, RowLength: 40
Trace|BPP: 16, PaletteColors: 0, Transaparency: 0
Trace|Writing image...
Trace|Resource 44 offset is 160532...
Debug|Encoding resource 44...
Trace|Writing image in Raw mode
Trace|No Transparency image...
Trace|Writing image header...
Trace|Width: 20, Height: 12, RowLength: 40
Trace|BPP: 16, PaletteColors: 0, Transaparency: 0
Trace|Writing image...
Trace|Resource 45 offset is 161028...
Debug|Encoding resource 45...
Trace|Writing image in Raw mode
Trace|No Transparency image...
Trace|Writing image header...
Trace|Width: 20, Height: 12, RowLength: 40
Trace|BPP: 16, PaletteColors: 0, Transaparency: 0
Trace|Writing image...
Trace|Resource 46 offset is 161524...
Debug|Encoding resource 46...
Trace|Writing image in Raw mode
Trace|No Transparency image...
Trace|Writing image header...
Trace|Width: 20, Height: 12, RowLength: 40
Trace|BPP: 16, PaletteColors: 0, Transaparency: 0
Trace|Writing image...
Trace|Resource 47 offset is 162020...
Debug|Encoding resource 47...
Trace|Writing image in Raw mode
Trace|No Transparency image...
Trace|Writing image header...
Trace|Width: 20, Height: 12, RowLength: 40
Trace|BPP: 16, PaletteColors: 0, Transaparency: 0
Trace|Writing image...
Trace|Resource 48 offset is 162516...
Debug|Encoding resource 48...
Trace|Writing image in Raw mode
Trace|No Transparency image...
Trace|Writing image header...
Trace|Width: 20, Height: 12, RowLength: 40
Trace|BPP: 16, PaletteColors: 0, Transaparency: 0
Trace|Writing image...
Trace|Resource 49 offset is 163012...
Debug|Encoding resource 49...
Trace|Writing image in Raw mode
Trace|No Transparency image...
Trace|Writing image header...
Trace|Width: 20, Height: 12, RowLength: 40
Trace|BPP: 16, PaletteColors: 0, Transaparency: 0
Trace|Writing image...
Trace|Resource 50 offset is 163508...
Debug|Encoding resource 50...
Trace|Writing image in Raw mode
Trace|No Transparency image...
Trace|Writing image header...
Trace|Width: 20, Height: 12, RowLength: 40
Trace|BPP: 16, PaletteColors: 0, Transaparency: 0
Trace|Writing image...
Trace|Resource 51 offset is 164004...
Debug|Encoding resource 51...
Trace|Writing image in Raw mode
Trace|No Transparency image...
Trace|Writing image header...
Trace|Width: 20, Height: 12, RowLength: 40
Trace|BPP: 16, PaletteColors: 0, Transaparency: 0
Trace|Writing image...
Trace|Resource 52 offset is 164500...
Debug|Encoding resource 52...
Trace|Writing image in Raw mode
Trace|No Transparency image...
Trace|Writing image header...
Trace|Width: 20, Height: 12, RowLength: 40
Trace|BPP: 16, PaletteColors: 0, Transaparency: 0
Trace|Writing image...
Trace|Resource 53 offset is 164996...
Debug|Encoding resource 53...
Trace|Writing image in Raw mode
Trace|Transparency image...
Trace|Writing image header...
Trace|Width: 16, Height: 20, RowLength: 48
Trace|BPP: 24, PaletteColors: 0, Transaparency: 0
Trace|Resource 54 offset is 165972...
Debug|Encoding resource 54...
Trace|Writing image in Raw mode
Trace|Transparency image...
Trace|Writing image header...
Trace|Width: 8, Height: 25, RowLength: 24
Trace|BPP: 24, PaletteColors: 0, Transaparency: 0
Trace|Resource 55 offset is 166588...
Debug|Encoding resource 55...
Trace|Writing image in Raw mode
Trace|Transparency image...
Trace|Writing image header...
Trace|Width: 22, Height: 25, RowLength: 66
Trace|BPP: 24, PaletteColors: 0, Transaparency: 0
Trace|Writing resources offsets table
Debug|Writing resources
